# JRE version: OpenJDK Runtime Environment (17.0.3+7) (build 17.0.3+7)
# Java VM: OpenJDK 64-Bit Server VM (17.0.3+7, mixed mode, tiered, compressed oops, compressed class ptrs, g1 gc, linux-amd64)
GC Precious Log:
 CPUs: 4 total, 4 available
 Memory: 7858M
 Large Page Support: Disabled
 NUMA Support: Disabled
 Compressed Oops: Enabled (32-bit)
 Heap Region Size: 1M
 Heap Min Capacity: 8M
 Heap Initial Capacity: 124M
 Heap Max Capacity: 1966M
 Pre-touch: Disabled
 Parallel Workers: 4
 Concurrent Workers: 1
 Concurrent Refinement Workers: 4
 Periodic GC: Disabled
Heap:
 garbage-first heap   total 66560K, used 40723K [0x0000000085200000, 0x0000000100000000)
  region size 1024K, 9 young (9216K), 3 survivors (3072K)
 Metaspace       used 32770K, committed 33088K, reserved 1081344K
  class space    used 3499K, committed 3648K, reserved 1048576K
GC Heap History (20 events):
Event: 0.874 GC heap before
{Heap before GC invocations=1 (full 0):
 garbage-first heap   total 126976K, used 16432K [0x0000000085200000, 0x0000000100000000)
  region size 1024K, 15 young (15360K), 2 survivors (2048K)
 Metaspace       used 13214K, committed 13376K, reserved 1064960K
  class space    used 1326K, committed 1408K, reserved 1048576K
}
Event: 0.879 GC heap after
{Heap after GC invocations=2 (full 0):
 garbage-first heap   total 126976K, used 3849K [0x0000000085200000, 0x0000000100000000)
  region size 1024K, 1 young (1024K), 1 survivors (1024K)
 Metaspace       used 13214K, committed 13376K, reserved 1064960K
  class space    used 1326K, committed 1408K, reserved 1048576K
}
Event: 2.094 GC heap before
{Heap before GC invocations=2 (full 0):
 garbage-first heap   total 126976K, used 33545K [0x0000000085200000, 0x0000000100000000)
  region size 1024K, 30 young (30720K), 1 survivors (1024K)
 Metaspace       used 19423K, committed 19520K, reserved 1073152K
  class space    used 2104K, committed 2176K, reserved 1048576K
}
Event: 2.103 GC heap after
{Heap after GC invocations=3 (full 0):
 garbage-first heap   total 126976K, used 6730K [0x0000000085200000, 0x0000000100000000)
  region size 1024K, 4 young (4096K), 4 survivors (4096K)
 Metaspace       used 19423K, committed 19520K, reserved 1073152K
  class space    used 2104K, committed 2176K, reserved 1048576K
}
Event: 3.086 GC heap before
{Heap before GC invocations=3 (full 0):
 garbage-first heap   total 126976K, used 78410K [0x0000000085200000, 0x0000000100000000)
  region size 1024K, 74 young (75776K), 4 survivors (4096K)
 Metaspace       used 20979K, committed 21184K, reserved 1073152K
  class space    used 2191K, committed 2304K, reserved 1048576K
}
Event: 3.103 GC heap after
{Heap after GC invocations=4 (full 0):
 garbage-first heap   total 126976K, used 13413K [0x0000000085200000, 0x0000000100000000)
  region size 1024K, 10 young (10240K), 10 survivors (10240K)
 Metaspace       used 20979K, committed 21184K, reserved 1073152K
  class space    used 2191K, committed 2304K, reserved 1048576K
}
Event: 3.235 GC heap before
{Heap before GC invocations=4 (full 0):
 garbage-first heap   total 126976K, used 28773K [0x0000000085200000, 0x0000000100000000)
  region size 1024K, 26 young (26624K), 10 survivors (10240K)
 Metaspace       used 21347K, committed 21504K, reserved 1073152K
  class space    used 2209K, committed 2304K, reserved 1048576K
}
Event: 3.249 GC heap after
{Heap after GC invocations=5 (full 0):
 garbage-first heap   total 126976K, used 14719K [0x0000000085200000, 0x0000000100000000)
  region size 1024K, 2 young (2048K), 2 survivors (2048K)
 Metaspace       used 21347K, committed 21504K, reserved 1073152K
  class space    used 2209K, committed 2304K, reserved 1048576K
}
Event: 3.636 GC heap before
{Heap before GC invocations=6 (full 0):
 garbage-first heap   total 55296K, used 47487K [0x0000000085200000, 0x0000000100000000)
  region size 1024K, 35 young (35840K), 2 survivors (2048K)
 Metaspace       used 22368K, committed 22592K, reserved 1073152K
  class space    used 2333K, committed 2432K, reserved 1048576K
}
Event: 3.643 GC heap after
{Heap after GC invocations=7 (full 0):
 garbage-first heap   total 55296K, used 17279K [0x0000000085200000, 0x0000000100000000)
  region size 1024K, 4 young (4096K), 4 survivors (4096K)
 Metaspace       used 22368K, committed 22592K, reserved 1073152K
  class space    used 2333K, committed 2432K, reserved 1048576K
}
Event: 4.129 GC heap before
{Heap before GC invocations=7 (full 0):
 garbage-first heap   total 55296K, used 40831K [0x0000000085200000, 0x0000000100000000)
  region size 1024K, 28 young (28672K), 4 survivors (4096K)
 Metaspace       used 25174K, committed 25472K, reserved 1073152K
  class space    used 2625K, committed 2752K, reserved 1048576K
}
Event: 4.135 GC heap after
{Heap after GC invocations=8 (full 0):
 garbage-first heap   total 55296K, used 18970K [0x0000000085200000, 0x0000000100000000)
  region size 1024K, 2 young (2048K), 2 survivors (2048K)
 Metaspace       used 25174K, committed 25472K, reserved 1073152K
  class space    used 2625K, committed 2752K, reserved 1048576K
}
Event: 4.707 GC heap before
{Heap before GC invocations=8 (full 0):
 garbage-first heap   total 55296K, used 42522K [0x0000000085200000, 0x0000000100000000)
  region size 1024K, 25 young (25600K), 2 survivors (2048K)
 Metaspace       used 31678K, committed 31936K, reserved 1081344K
  class space    used 3390K, committed 3520K, reserved 1048576K
}
Event: 4.716 GC heap after
{Heap after GC invocations=9 (full 0):
 garbage-first heap   total 66560K, used 27057K [0x0000000085200000, 0x0000000100000000)
  region size 1024K, 4 young (4096K), 4 survivors (4096K)
 Metaspace       used 31678K, committed 31936K, reserved 1081344K
  class space    used 3390K, committed 3520K, reserved 1048576K
}
Event: 4.973 GC heap before
{Heap before GC invocations=9 (full 0):
 garbage-first heap   total 66560K, used 46513K [0x0000000085200000, 0x0000000100000000)
  region size 1024K, 24 young (24576K), 4 survivors (4096K)
 Metaspace       used 32643K, committed 32960K, reserved 1081344K
  class space    used 3498K, committed 3648K, reserved 1048576K
}
Event: 4.985 GC heap after
{Heap after GC invocations=10 (full 0):
 garbage-first heap   total 66560K, used 31177K [0x0000000085200000, 0x0000000100000000)
  region size 1024K, 3 young (3072K), 3 survivors (3072K)
 Metaspace       used 32643K, committed 32960K, reserved 1081344K
  class space    used 3498K, committed 3648K, reserved 1048576K
}
Event: 5.147 GC heap before
{Heap before GC invocations=10 (full 0):
 garbage-first heap   total 66560K, used 47561K [0x0000000085200000, 0x0000000100000000)
  region size 1024K, 19 young (19456K), 3 survivors (3072K)
 Metaspace       used 32715K, committed 33024K, reserved 1081344K
  class space    used 3499K, committed 3648K, reserved 1048576K
}
Event: 5.154 GC heap after
{Heap after GC invocations=11 (full 0):
 garbage-first heap   total 66560K, used 32719K [0x0000000085200000, 0x0000000100000000)
  region size 1024K, 3 young (3072K), 3 survivors (3072K)
 Metaspace       used 32715K, committed 33024K, reserved 1081344K
  class space    used 3499K, committed 3648K, reserved 1048576K
}
Event: 5.283 GC heap before
{Heap before GC invocations=11 (full 0):
 garbage-first heap   total 66560K, used 47055K [0x0000000085200000, 0x0000000100000000)
  region size 1024K, 18 young (18432K), 3 survivors (3072K)
 Metaspace       used 32766K, committed 33088K, reserved 1081344K
  class space    used 3499K, committed 3648K, reserved 1048576K
}
Event: 5.291 GC heap after
{Heap after GC invocations=12 (full 0):
 garbage-first heap   total 66560K, used 36627K [0x0000000085200000, 0x0000000100000000)
  region size 1024K, 3 young (3072K), 3 survivors (3072K)
 Metaspace       used 32766K, committed 33088K, reserved 1081344K
  class space    used 3499K, committed 3648K, reserved 1048576K
}

